Using pre-set license
Built from '2020.3/china_unity/release' branch; Version is '2020.3.4f1c1 (3d27070cb163) revision 4007687'; Using compiler version '192528614'; Build Type 'Release'
OS: 'Windows 10 Home China; OS build 18363.720; Version 1909; 64bit' Language: 'zh' Physical Memory: 16212 MB
BatchMode: 1, IsHumanControllingUs: 0, StartBugReporterOnCrash: 0, Is64bit: 1, IsPro: 0

 COMMAND LINE ARGUMENTS:
D:\Unity\Editor\Unity.exe
-adb2
-batchMode
-noUpm
-name
AssetImportWorker0
-projectPath
D:/Unity/Editor/Data/ui界面
-logFile
Logs/AssetImportWorker0.log
-srvPort
60242
Successfully changed project path to: D:/Unity/Editor/Data/ui界面
D:/Unity/Editor/Data/ui界面
Using Asset Import Pipeline V2.
Refreshing native plugins compatible for Editor in 75.80 ms, found 0 plugins.
Preloading 0 native plugins for Editor in 0.00 ms.
Initialize engine version: 2020.3.4f1c1 (3d27070cb163)
[Subsystems] Discovering subsystems at path D:/Unity/Editor/Data/Resources/UnitySubsystems
[Subsystems] Discovering subsystems at path D:/Unity/Editor/Data/ui界面/Assets
GfxDevice: creating device client; threaded=0
Direct3D:
    Version:  Direct3D 11.0 [level 11.1]
    Renderer: NVIDIA GeForce MX350 (ID=0x1c94)
    Vendor:   
    VRAM:     1979 MB
    Driver:   26.21.14.4250
Initialize mono
Mono path[0] = 'D:/Unity/Editor/Data/Managed'
Mono path[1] = 'D:/Unity/Editor/Data/MonoBleedingEdge/lib/mono/unityjit'
Mono config path = 'D:/Unity/Editor/Data/MonoBleedingEdge/etc'
Using monoOptions --debugger-agent=transport=dt_socket,embedding=1,server=y,suspend=n,address=127.0.0.1:56068
Begin MonoManager ReloadAssembly
Registering precompiled unity dll's ...
Register platform support module: D:/Unity/Editor/Data/PlaybackEngines/WindowsStandaloneSupport/UnityEditor.WindowsStandalone.Extensions.dll
Registered in 0.001900 seconds.
Native extension for WindowsStandalone target not found
Refreshing native plugins compatible for Editor in 76.47 ms, found 0 plugins.
Preloading 0 native plugins for Editor in 0.00 ms.
Mono: successfully reloaded assembly
- Completed reload, in  2.703 seconds
Platform modules already initialized, skipping
Registering precompiled user dll's ...
Registered in 0.001149 seconds.
Begin MonoManager ReloadAssembly
Native extension for WindowsStandalone target not found
Refreshing native plugins compatible for Editor in 0.47 ms, found 0 plugins.
Preloading 0 native plugins for Editor in 0.00 ms.
Mono: successfully reloaded assembly
- Completed reload, in  2.495 seconds
Platform modules already initialized, skipping
========================================================================
Worker process is ready to serve import requests
Launched and connected shader compiler UnityShaderCompiler.exe after 0.11 seconds
Refreshing native plugins compatible for Editor in 0.24 ms, found 0 plugins.
Preloading 0 native plugins for Editor in 0.00 ms.
Unloading 1116 Unused Serialized files (Serialized files now loaded: 0)
System memory in use before: 57.0 MB.
System memory in use after: 57.1 MB.

Unloading 9 unused Assets to reduce memory usage. Loaded Objects now: 1560.
Total: 2.471100 ms (FindLiveObjects: 0.251500 ms CreateObjectMapping: 0.169800 ms MarkObjects: 1.976900 ms  DeleteObjects: 0.071000 ms)

========================================================================
Received Import Request.
  path: Assets/Scenes/Settings.unity
  artifactKey: Guid(896f4bf0b31745c4287bc8b3912bfe5b) Importer(815301076,1909f56bfc062723c751e8b465ee728b)
Start importing Assets/Scenes/Settings.unity using Guid(896f4bf0b31745c4287bc8b3912bfe5b) Importer(815301076,1909f56bfc062723c751e8b465ee728b)  -> (artifact id: '77b03ada5981d6505874fdbdc8407c0e') in 0.011204 seconds
  Import took 0.013594 seconds .

========================================================================
Received Import Request.
  Time since last request: 911.196560 seconds.
  path: Assets/Scenes/Start.unity
  artifactKey: Guid(9fc0d4010bbf28b4594072e72b8655ab) Importer(815301076,1909f56bfc062723c751e8b465ee728b)
Start importing Assets/Scenes/Start.unity using Guid(9fc0d4010bbf28b4594072e72b8655ab) Importer(815301076,1909f56bfc062723c751e8b465ee728b)  -> (artifact id: 'b8b890f83eba2cb42bdeb929d9ee9a3c') in 0.003029 seconds
  Import took 0.005399 seconds .

========================================================================
Received Import Request.
  Time since last request: 0.001160 seconds.
  path: Assets/Scenes/Start.unity
  artifactKey: Guid(9fc0d4010bbf28b4594072e72b8655ab) Importer(815301076,1909f56bfc062723c751e8b465ee728b)
Start importing Assets/Scenes/Start.unity using Guid(9fc0d4010bbf28b4594072e72b8655ab) Importer(815301076,1909f56bfc062723c751e8b465ee728b)  -> (artifact id: 'b8b890f83eba2cb42bdeb929d9ee9a3c') in 0.002173 seconds
  Import took 0.004696 seconds .

========================================================================
Received Prepare
Registering precompiled user dll's ...
Registered in 0.000449 seconds.
Begin MonoManager ReloadAssembly
Native extension for WindowsStandalone target not found
Refreshing native plugins compatible for Editor in 0.20 ms, found 0 plugins.
Preloading 0 native plugins for Editor in 0.00 ms.
Mono: successfully reloaded assembly
- Completed reload, in  1.550 seconds
Platform modules already initialized, skipping
Refreshing native plugins compatible for Editor in 0.34 ms, found 0 plugins.
Preloading 0 native plugins for Editor in 0.00 ms.
Unloading 1110 Unused Serialized files (Serialized files now loaded: 0)
System memory in use before: 56.9 MB.
System memory in use after: 57.0 MB.

Unloading 4 unused Assets to reduce memory usage. Loaded Objects now: 1563.
Total: 2.870500 ms (FindLiveObjects: 0.268900 ms CreateObjectMapping: 0.070700 ms MarkObjects: 2.498700 ms  DeleteObjects: 0.029200 ms)

========================================================================
Received Import Request.
  Time since last request: 348.335995 seconds.
  path: Assets/Scenes/Settings.unity
  artifactKey: Guid(896f4bf0b31745c4287bc8b3912bfe5b) Importer(815301076,1909f56bfc062723c751e8b465ee728b)
Start importing Assets/Scenes/Settings.unity using Guid(896f4bf0b31745c4287bc8b3912bfe5b) Importer(815301076,1909f56bfc062723c751e8b465ee728b)  -> (artifact id: '80f6325eb96d6073a578ebda5a952b73') in 0.013428 seconds
  Import took 0.016054 seconds .

========================================================================
Received Import Request.
  Time since last request: 243.182848 seconds.
  path: Assets/Scenes/Start.unity
  artifactKey: Guid(9fc0d4010bbf28b4594072e72b8655ab) Importer(815301076,1909f56bfc062723c751e8b465ee728b)
Start importing Assets/Scenes/Start.unity using Guid(9fc0d4010bbf28b4594072e72b8655ab) Importer(815301076,1909f56bfc062723c751e8b465ee728b)  -> (artifact id: 'fcf0f8924a4082543b00343110413c08') in 0.002380 seconds
  Import took 0.005128 seconds .

========================================================================
Received Import Request.
  Time since last request: 0.000906 seconds.
  path: Assets/Scenes/Start.unity
  artifactKey: Guid(9fc0d4010bbf28b4594072e72b8655ab) Importer(815301076,1909f56bfc062723c751e8b465ee728b)
Start importing Assets/Scenes/Start.unity using Guid(9fc0d4010bbf28b4594072e72b8655ab) Importer(815301076,1909f56bfc062723c751e8b465ee728b)  -> (artifact id: 'fcf0f8924a4082543b00343110413c08') in 0.002786 seconds
  Import took 0.005714 seconds .

========================================================================
Received Import Request.
  Time since last request: 15.933250 seconds.
  path: Assets/Scenes/Settings.unity
  artifactKey: Guid(896f4bf0b31745c4287bc8b3912bfe5b) Importer(815301076,1909f56bfc062723c751e8b465ee728b)
Start importing Assets/Scenes/Settings.unity using Guid(896f4bf0b31745c4287bc8b3912bfe5b) Importer(815301076,1909f56bfc062723c751e8b465ee728b)  -> (artifact id: '91483a5693ce295b5838b3e098931757') in 0.002098 seconds
  Import took 0.004527 seconds .

========================================================================
Received Import Request.
  Time since last request: 0.001965 seconds.
  path: Assets/Scenes/Settings.unity
  artifactKey: Guid(896f4bf0b31745c4287bc8b3912bfe5b) Importer(815301076,1909f56bfc062723c751e8b465ee728b)
Start importing Assets/Scenes/Settings.unity using Guid(896f4bf0b31745c4287bc8b3912bfe5b) Importer(815301076,1909f56bfc062723c751e8b465ee728b)  -> (artifact id: '91483a5693ce295b5838b3e098931757') in 0.003285 seconds
  Import took 0.005970 seconds .

========================================================================
Received Import Request.
  Time since last request: 210.219995 seconds.
  path: Assets/Scenes/Settings.unity
  artifactKey: Guid(896f4bf0b31745c4287bc8b3912bfe5b) Importer(815301076,1909f56bfc062723c751e8b465ee728b)
Start importing Assets/Scenes/Settings.unity using Guid(896f4bf0b31745c4287bc8b3912bfe5b) Importer(815301076,1909f56bfc062723c751e8b465ee728b)  -> (artifact id: 'ceea39fdd3879fb8110361988ff17082') in 0.002252 seconds
  Import took 0.004915 seconds .

========================================================================
Received Import Request.
  Time since last request: 0.000780 seconds.
  path: Assets/Scenes/Settings.unity
  artifactKey: Guid(896f4bf0b31745c4287bc8b3912bfe5b) Importer(815301076,1909f56bfc062723c751e8b465ee728b)
Start importing Assets/Scenes/Settings.unity using Guid(896f4bf0b31745c4287bc8b3912bfe5b) Importer(815301076,1909f56bfc062723c751e8b465ee728b)  -> (artifact id: 'ceea39fdd3879fb8110361988ff17082') in 0.002258 seconds
  Import took 0.004227 seconds .

========================================================================
Received Import Request.
  Time since last request: 10.030472 seconds.
  path: Assets/Scenes/Information.unity
  artifactKey: Guid(1ab5d6f75898c1446b1558cb6c05fd3d) Importer(815301076,1909f56bfc062723c751e8b465ee728b)
Start importing Assets/Scenes/Information.unity using Guid(1ab5d6f75898c1446b1558cb6c05fd3d) Importer(815301076,1909f56bfc062723c751e8b465ee728b)  -> (artifact id: 'cd4856cc725f27d67a71916d2e864b2b') in 0.013040 seconds
  Import took 0.016462 seconds .

========================================================================
Received Import Request.
  Time since last request: 31.789664 seconds.
  path: Assets/Scenes/Information.unity
  artifactKey: Guid(1ab5d6f75898c1446b1558cb6c05fd3d) Importer(815301076,1909f56bfc062723c751e8b465ee728b)
Start importing Assets/Scenes/Information.unity using Guid(1ab5d6f75898c1446b1558cb6c05fd3d) Importer(815301076,1909f56bfc062723c751e8b465ee728b)  -> (artifact id: '472f9bb59f682a77e2db3ae70a46d57d') in 0.003455 seconds
  Import took 0.006404 seconds .

========================================================================
Received Import Request.
  Time since last request: 0.000623 seconds.
  path: Assets/Scenes/Information.unity
  artifactKey: Guid(1ab5d6f75898c1446b1558cb6c05fd3d) Importer(815301076,1909f56bfc062723c751e8b465ee728b)
Start importing Assets/Scenes/Information.unity using Guid(1ab5d6f75898c1446b1558cb6c05fd3d) Importer(815301076,1909f56bfc062723c751e8b465ee728b)  -> (artifact id: '472f9bb59f682a77e2db3ae70a46d57d') in 0.002853 seconds
  Import took 0.005641 seconds .

========================================================================
Received Import Request.
  Time since last request: 24.001249 seconds.
  path: Assets/Scenes/Start.unity
  artifactKey: Guid(9fc0d4010bbf28b4594072e72b8655ab) Importer(815301076,1909f56bfc062723c751e8b465ee728b)
Start importing Assets/Scenes/Start.unity using Guid(9fc0d4010bbf28b4594072e72b8655ab) Importer(815301076,1909f56bfc062723c751e8b465ee728b)  -> (artifact id: 'd7a45a741859322e7dfa3be4e436943e') in 0.002067 seconds
  Import took 0.004320 seconds .

========================================================================
Received Import Request.
  Time since last request: 0.001525 seconds.
  path: Assets/Scenes/Start.unity
  artifactKey: Guid(9fc0d4010bbf28b4594072e72b8655ab) Importer(815301076,1909f56bfc062723c751e8b465ee728b)
Start importing Assets/Scenes/Start.unity using Guid(9fc0d4010bbf28b4594072e72b8655ab) Importer(815301076,1909f56bfc062723c751e8b465ee728b)  -> (artifact id: 'd7a45a741859322e7dfa3be4e436943e') in 0.002897 seconds
  Import took 0.005414 seconds .

========================================================================
Received Import Request.
  Time since last request: 59.978784 seconds.
  path: Assets/Scenes/Information.unity
  artifactKey: Guid(1ab5d6f75898c1446b1558cb6c05fd3d) Importer(815301076,1909f56bfc062723c751e8b465ee728b)
Start importing Assets/Scenes/Information.unity using Guid(1ab5d6f75898c1446b1558cb6c05fd3d) Importer(815301076,1909f56bfc062723c751e8b465ee728b)  -> (artifact id: 'b7df5f45e715ce471d57a2a235cea74d') in 0.003728 seconds
  Import took 0.006600 seconds .

========================================================================
Received Prepare
Registering precompiled user dll's ...
Registered in 0.000511 seconds.
Begin MonoManager ReloadAssembly
Native extension for WindowsStandalone target not found
Refreshing native plugins compatible for Editor in 0.46 ms, found 0 plugins.
Preloading 0 native plugins for Editor in 0.00 ms.
Mono: successfully reloaded assembly
- Completed reload, in  1.737 seconds
Platform modules already initialized, skipping
Refreshing native plugins compatible for Editor in 0.40 ms, found 0 plugins.
Preloading 0 native plugins for Editor in 0.00 ms.
Unloading 1110 Unused Serialized files (Serialized files now loaded: 0)
System memory in use before: 56.9 MB.
System memory in use after: 57.0 MB.

Unloading 4 unused Assets to reduce memory usage. Loaded Objects now: 1566.
Total: 2.853700 ms (FindLiveObjects: 0.284700 ms CreateObjectMapping: 0.086400 ms MarkObjects: 2.457500 ms  DeleteObjects: 0.022500 ms)

========================================================================
Received Prepare
Registering precompiled user dll's ...
Registered in 0.000466 seconds.
Begin MonoManager ReloadAssembly
Native extension for WindowsStandalone target not found
Refreshing native plugins compatible for Editor in 0.46 ms, found 0 plugins.
Preloading 0 native plugins for Editor in 0.00 ms.
Mono: successfully reloaded assembly
- Completed reload, in  1.108 seconds
Platform modules already initialized, skipping
Refreshing native plugins compatible for Editor in 0.36 ms, found 0 plugins.
Preloading 0 native plugins for Editor in 0.00 ms.
Unloading 1110 Unused Serialized files (Serialized files now loaded: 0)
System memory in use before: 57.0 MB.
System memory in use after: 57.1 MB.

Unloading 4 unused Assets to reduce memory usage. Loaded Objects now: 1569.
Total: 1.876700 ms (FindLiveObjects: 0.219400 ms CreateObjectMapping: 0.074600 ms MarkObjects: 1.566800 ms  DeleteObjects: 0.014500 ms)

========================================================================
Received Import Request.
  Time since last request: 941.839651 seconds.
  path: Assets/Scenes/Choice.unity
  artifactKey: Guid(b2588f1135f506941bebcf685fcaaea6) Importer(815301076,1909f56bfc062723c751e8b465ee728b)
Start importing Assets/Scenes/Choice.unity using Guid(b2588f1135f506941bebcf685fcaaea6) Importer(815301076,1909f56bfc062723c751e8b465ee728b)  -> (artifact id: '76eb5990a68f7c1a1f347dcce8abaeec') in 0.025163 seconds
  Import took 0.029622 seconds .

========================================================================
Received Prepare
Registering precompiled user dll's ...
Registered in 0.001249 seconds.
Begin MonoManager ReloadAssembly
Native extension for WindowsStandalone target not found
Refreshing native plugins compatible for Editor in 0.41 ms, found 0 plugins.
Preloading 0 native plugins for Editor in 0.00 ms.
Mono: successfully reloaded assembly
- Completed reload, in  1.480 seconds
Platform modules already initialized, skipping
Refreshing native plugins compatible for Editor in 0.33 ms, found 0 plugins.
Preloading 0 native plugins for Editor in 0.00 ms.
Unloading 1110 Unused Serialized files (Serialized files now loaded: 0)
System memory in use before: 57.0 MB.
System memory in use after: 57.1 MB.

Unloading 4 unused Assets to reduce memory usage. Loaded Objects now: 1572.
Total: 3.360000 ms (FindLiveObjects: 0.265500 ms CreateObjectMapping: 0.079600 ms MarkObjects: 2.984700 ms  DeleteObjects: 0.027000 ms)

========================================================================
Received Import Request.
  Time since last request: 129.026581 seconds.
  path: Assets/Scenes/Choice.unity
  artifactKey: Guid(b2588f1135f506941bebcf685fcaaea6) Importer(815301076,1909f56bfc062723c751e8b465ee728b)
Start importing Assets/Scenes/Choice.unity using Guid(b2588f1135f506941bebcf685fcaaea6) Importer(815301076,1909f56bfc062723c751e8b465ee728b)  -> (artifact id: 'ad581ccd936a41decd6e467d26f9c0a6') in 0.010376 seconds
  Import took 0.012401 seconds .

========================================================================
Received Import Request.
  Time since last request: 0.005174 seconds.
  path: Assets/Scenes/Choice.unity
  artifactKey: Guid(b2588f1135f506941bebcf685fcaaea6) Importer(815301076,1909f56bfc062723c751e8b465ee728b)
Start importing Assets/Scenes/Choice.unity using Guid(b2588f1135f506941bebcf685fcaaea6) Importer(815301076,1909f56bfc062723c751e8b465ee728b)  -> (artifact id: 'ad581ccd936a41decd6e467d26f9c0a6') in 0.002074 seconds
  Import took 0.004632 seconds .

========================================================================
Received Prepare
Registering precompiled user dll's ...
Registered in 0.000467 seconds.
Begin MonoManager ReloadAssembly
Native extension for WindowsStandalone target not found
Refreshing native plugins compatible for Editor in 0.63 ms, found 0 plugins.
Preloading 0 native plugins for Editor in 0.00 ms.
Mono: successfully reloaded assembly
- Completed reload, in  1.470 seconds
Platform modules already initialized, skipping
Refreshing native plugins compatible for Editor in 0.42 ms, found 0 plugins.
Preloading 0 native plugins for Editor in 0.00 ms.
Unloading 1110 Unused Serialized files (Serialized files now loaded: 0)
System memory in use before: 57.0 MB.
System memory in use after: 57.1 MB.

Unloading 4 unused Assets to reduce memory usage. Loaded Objects now: 1575.
Total: 2.015600 ms (FindLiveObjects: 0.165700 ms CreateObjectMapping: 0.040400 ms MarkObjects: 1.791700 ms  DeleteObjects: 0.015700 ms)

